<?xml version="1.0" encoding="UTF-8"?>
<!--

    DO NOT ALTER OR REMOVE COPYRIGHT NOTICES OR THIS HEADER.

    Copyright (c) 1997-2017 Oracle and/or its affiliates. All rights reserved.

    The contents of this file are subject to the terms of either the GNU
    General Public License Version 2 only ("GPL") or the Common Development
    and Distribution License("CDDL") (collectively, the "License").  You
    may not use this file except in compliance with the License.  You can
    obtain a copy of the License at
    https://oss.oracle.com/licenses/CDDL+GPL-1.1
    or LICENSE.txt.  See the License for the specific
    language governing permissions and limitations under the License.

    When distributing the software, include this License Header Notice in each
    file and include the License file at LICENSE.txt.

    GPL Classpath Exception:
    Oracle designates this particular file as subject to the "Classpath"
    exception as provided by Oracle in the GPL Version 2 section of the License
    file that accompanied this code.

    Modifications:
    If applicable, add the following below the License Header, with the fields
    enclosed by brackets [] replaced by your own identifying information:
    "Portions Copyright [year] [name of copyright owner]"

    Contributor(s):
    If you wish your version of this file to be governed by only the CDDL or
    only the GPL Version 2, indicate your decision by adding "[Contributor]
    elects to include this software in this distribution under the [CDDL or GPL
    Version 2] license."  If you don't indicate a single choice of license, a
    recipient has the option to distribute your version of this file under
    either the CDDL, the GPL Version 2 or to extend the choice of license to
    its licensees as provided above.  However, if you add GPL Version 2 code
    and therefore, elected the GPL Version 2 license, then the option applies
    only if the new code is made subject to such option by the copyright
    holder.

-->

<descriptor since="2.1.3" uses="ri">
    <description>Schema Validaiton fromwsdl tests</description>
    <service basedir="./server">
        <wsdl href="hello_literal.wsdl"/>
    </service>

    <client name="fromwsdl.schema_validation.basic.doclit0">
        <description>
            Test hello().
        </description>
        req = new Hello_Type();
        req.setArgument("foo");
        // Don't set extra and this should throw exception
        try {
             response = helloPort.hello(req);
             fail("Expecting a schema validation exception. But didn't get one.");
        } catch(SOAPFaultException se) {
             // got expected exception.
        }
    </client>

    <client name="fromwsdl.schema_validation.basic.doclit1">
        <description>
            Test hello().
        </description>
        arg = "foo";
        extra = "bar";
        req = new Hello_Type();
        req.setArgument(arg);
        req.setExtra(extra);
        response = helloPort.hello(req);
        assertEquals(arg, response.getArgument());
        assertEquals(extra, response.getExtra());
    </client>

    <client name="fromwsdl.schema_validation.basic.doclit2">
        <description>
            Test Keywords.
        </description>
        String resp = helloPort.testKeyword("Hello");
        assertEquals(resp, "Hello World!");
    </client>

    <client name="fromwsdl.schema_validation.basic.doclit3">
        <description>
            Test method with void.
        </description>
        req = new VoidType();
        response = helloPort.voidTest(req);
        assertNotNull(response);
    </client>

    <client name="fromwsdl.schema_validation.basic.doclit4">
        <description>
            Test echoArray()
        </description>
        in = new String[]{"JAXRPC 1.0", "JAXRPC 1.1", "JAXRPC 1.1.2", "JAXRPC 2.0"};

        nt = new NameType();
        nt.getName().add(in[0]);
        nt.getName().add(in[1]);
        nt.getName().add(in[2]);
        nt.getName().add(in[3]);
        req = new javax.xml.ws.Holder(nt);
        helloPort.echoArray(req);
        assertNull(req.value);
    </client>

    <client name="fromwsdl.schema_validation.basic.doclit5">
        <description>
            Test echoArray1()
        </description>
        in = new String[]{"JAXRPC 1.0", "JAXRPC 1.1", "JAXRPC 1.1.2", "JAXRPC 2.0", "EA"};

        nt = new NameType();
        nt.getName().add(in[0]);
        nt.getName().add(in[1]);
        nt.getName().add(in[2]);
        nt.getName().add(in[3]);
        req = new javax.xml.ws.Holder(nt);
        helloPort.echoArray1(req);
        assertTrue(Arrays.equals(in, req.value.getName().toArray()));
    </client>

    <client name="fromwsdl.doclit6">
        <description>
            Test echoArray2().
        </description>
        req = new javax.xml.ws.Holder();
        helloPort.echoArray2(req);
        assertNull(req.value);
    </client>

    <client name="fromwsdl.schema_validation.basic.doclit7">
        <description>
            Test echoArray3()
        </description>
        in = new ArrayList();
        in.add("JAXRPC 1.0");
        in.add("JAXRPC 1.1");
        in.add("JAXRPC 1.1.2");
        in.add("JAXRPC 2.0");
        req = new javax.xml.ws.Holder(in);
        helloPort.echoArray3(req);
        assertEquals(in, req.value);
    </client>

    <client name="fromwsdl.schema_validation.basic.doclit8">
        <description>
            Test echoArray4().
        </description>
        resp = helloPort.echoArray4(new NameType1());
        assertEquals(resp.getName().get(0).getArgument(), "arg1");
        assertEquals(resp.getName().get(0).getExtra(), "extra1");
        assertEquals(resp.getName().get(1).getArgument(), "arg2");
        assertEquals(resp.getName().get(1).getExtra(), "extra2");
    </client>

</descriptor>
