<?xml version="1.0" encoding="UTF-8"?>
<!--

    DO NOT ALTER OR REMOVE COPYRIGHT NOTICES OR THIS HEADER.

    Copyright (c) 1997-2017 Oracle and/or its affiliates. All rights reserved.

    The contents of this file are subject to the terms of either the GNU
    General Public License Version 2 only ("GPL") or the Common Development
    and Distribution License("CDDL") (collectively, the "License").  You
    may not use this file except in compliance with the License.  You can
    obtain a copy of the License at
    https://oss.oracle.com/licenses/CDDL+GPL-1.1
    or LICENSE.txt.  See the License for the specific
    language governing permissions and limitations under the License.

    When distributing the software, include this License Header Notice in each
    file and include the License file at LICENSE.txt.

    GPL Classpath Exception:
    Oracle designates this particular file as subject to the "Classpath"
    exception as provided by Oracle in the GPL Version 2 section of the License
    file that accompanied this code.

    Modifications:
    If applicable, add the following below the License Header, with the fields
    enclosed by brackets [] replaced by your own identifying information:
    "Portions Copyright [year] [name of copyright owner]"

    Contributor(s):
    If you wish your version of this file to be governed by only the CDDL or
    only the GPL Version 2, indicate your decision by adding "[Contributor]
    elects to include this software in this distribution under the [CDDL or GPL
    Version 2] license."  If you don't indicate a single choice of license, a
    recipient has the option to distribute your version of this file under
    either the CDDL, the GPL Version 2 or to extend the choice of license to
    its licensees as provided above.  However, if you add GPL Version 2 code
    and therefore, elected the GPL Version 2 license, then the option applies
    only if the new code is made subject to such option by the copyright
    holder.

-->

<descriptor since="2.0">
    <description>This is a fromwsdl doc/lit fault test</description>

    <client name="header.doclit1">
        <description>
            test echo()
        </description>
        EchoType request = new EchoType();
        request.setReqInfo("foo");
        Echo2Type header2 = new Echo2Type();
        header2.setReqInfo("foo");
        EchoResponseType response = helloPort.echo(request, request, header2);
        assertEquals("foofoofoo", (response.getRespInfo()));
    </client>


    <client name="header.doclit2">
        <description>
            test echo
        </description>
        String response = helloPort.echo2("foo");
        assertEquals("foobar", response);
    </client>

    <client name="header.doclit3">
        <description>
            test echo3()
        </description>
        <![CDATA[
        Holder req = new Holder("foo");
        helloPort.echo3(req);
        assertEquals("foobar", req.value);
        ]]></client>

    <client name="header.doclit4"><![CDATA[
        Echo4Type reqBody = new Echo4Type();
        reqBody.setExtra("foo1");
        reqBody.setArgument("bar1");

        Echo4Type reqHeader = new Echo4Type();
        reqHeader.setExtra("foo2");
        reqHeader.setArgument("bar2");

        String req2HeaderType = "foobar3";
        Holder req2Header = new Holder(req2HeaderType);
        Holder respBody = new Holder();
        Holder respHeader = new Holder();
        helloPort.echo4(reqBody, reqHeader, req2HeaderType, respBody, respHeader);
        assertEquals("foo1bar1foo2bar2foobar3", respBody.value);
        ]]>
    </client>

    <client name="header.doclit5">
        <description>
            test echo5()
        </description>
        EchoType body = new EchoType();
        body.setReqInfo("Hello World!");
        String resp = helloPort.echo5(body);
        assertEquals(resp, body.getReqInfo());
    </client>


    <!--
    <client name="header-doclit">
        <description>
            This test has header as return type, it wont work till we have annotation on
            @WebResult or similar solution. Commenting out till we have it.
        </description><![CDATA[
//        body = new EchoType();
//        reqName = "Vivek";
//        address = "4140 Network Cirlce";
//        body.setReqInfo(reqName);
//        name = new Holder<String>();
//        header = new EchoType();
//        header.setReqInfo(address);
//        req = new Holder<EchoType>(body);
//        resp = helloPort.echo6(name, header, req);
//        assertEquals(req.value.getReqInfo(), reqName + "'s Response");
//        assertEquals(resp, name.value +"'s Address: "+address);

    ]]>
     </client>
    <client name="header-doclit">
        <description>
            This test has header as return type, it wont work till we have annotation
            on @WebResult or similar solution. Commenting out till we have it.
        </description><![CDATA[
//        String firstName = "Vivek";
//        lastName = "Pandey";
//        address = new Holder<String>();
//        personDetails = new Holder<String>();
//        nameType = helloPort.echo7(address, personDetails, lastName, firstName);
//        assertEquals(nameType.getName(), "Employee");
//        assertEquals(address.value, "Sun Micro Address");
//        assertEquals(personDetails.value, "Vivek Pandey");]]>
    </client>
-->
    <service basedir="./server">
        <wsdl href="header.wsdl"/>
    </service>
</descriptor>
