<?xml version="1.0" encoding="UTF-8"?>
<!--

    DO NOT ALTER OR REMOVE COPYRIGHT NOTICES OR THIS HEADER.

    Copyright (c) 1997-2017 Oracle and/or its affiliates. All rights reserved.

    The contents of this file are subject to the terms of either the GNU
    General Public License Version 2 only ("GPL") or the Common Development
    and Distribution License("CDDL") (collectively, the "License").  You
    may not use this file except in compliance with the License.  You can
    obtain a copy of the License at
    https://oss.oracle.com/licenses/CDDL+GPL-1.1
    or LICENSE.txt.  See the License for the specific
    language governing permissions and limitations under the License.

    When distributing the software, include this License Header Notice in each
    file and include the License file at LICENSE.txt.

    GPL Classpath Exception:
    Oracle designates this particular file as subject to the "Classpath"
    exception as provided by Oracle in the GPL Version 2 section of the License
    file that accompanied this code.

    Modifications:
    If applicable, add the following below the License Header, with the fields
    enclosed by brackets [] replaced by your own identifying information:
    "Portions Copyright [year] [name of copyright owner]"

    Contributor(s):
    If you wish your version of this file to be governed by only the CDDL or
    only the GPL Version 2, indicate your decision by adding "[Contributor]
    elects to include this software in this distribution under the [CDDL or GPL
    Version 2] license."  If you don't indicate a single choice of license, a
    recipient has the option to distribute your version of this file under
    either the CDDL, the GPL Version 2 or to extend the choice of license to
    its licensees as provided above.  However, if you add GPL Version 2 code
    and therefore, elected the GPL Version 2 license, then the option applies
    only if the new code is made subject to such option by the copyright
    holder.

-->

<descriptor since="2.1.3">
  <description>Asynchronous processing with rpc/lit</description>
  <service basedir="./server">
    <wsdl href="hello_literal.wsdl" />
  </service>
  <pre-client>
    //req = new HelloType();
    //req.setArgument("foo");
    //req.setExtra("bar");

    // wait for the completion of the requets
    static void block(Future response) {
      System.out.print("\npolling for response ...");
      while (!response.isDone())
        Thread.yield();
    }

    static void assertFooBar(HelloType output) {
      assertEquals("foo", output.getArgument());
      assertEquals("bar", output.getExtra());
    }
  </pre-client>
  <client name="async.rpclit1"><![CDATA[
    HelloType req = new HelloType();
    req.setArgument("foo");
    req.setExtra("bar");

    Holder inout = new Holder(req);
    helloPort.hello(inout);

    assertFooBar((HelloType) inout.value);
  ]]></client>
  <client name="async.rpclit2"><![CDATA[
    HelloType req = new HelloType();
    req.setArgument("foo");
    req.setExtra("bar");

    Future response = helloPort.helloAsync(req);
    block(response);

    assertFooBar((HelloType) response.get());
  ]]></client>
  <client name="async.rpclit3"><![CDATA[
    HelloType req = new HelloType();
    req.setArgument("foo");
    req.setExtra("bar");

    block(helloPort.helloAsync(req, new HelloCallbackHandler()));
  ]]></client>
  <client name="async.rpclit4"><![CDATA[
    HelloType req = new HelloType();
    req.setArgument("foo");
    req.setExtra("bar");

    Holder inout = new Holder(req);
    int age = helloPort.hello2(inout, "foo");

    assertFooBar((HelloType) inout.value);
    assertEquals(age, 1234);
  ]]></client>
  <client name="async.rpclit5"><![CDATA[
    HelloType req = new HelloType();
    req.setArgument("foo");
    req.setExtra("bar");

    Future response = helloPort.hello2Async(req, "foo");
    block(response);
    Hello2Response resp = (Hello2Response) response.get();
    assertFooBar(resp.getParam());
    assertEquals(resp.getAge(), 1234);
  ]]></client>
  <client name="async.rpclit6"><![CDATA[
    HelloType req = new HelloType();
    req.setArgument("foo");
    req.setExtra("bar");

    block(helloPort.hello2Async(req, "foo", new Hello2CallbackHandler()));
  ]]></client>
  <client name="async.rpclit7"><![CDATA[
    HelloType req = new HelloType();
    req.setArgument("foo");
    req.setExtra("bar");

    HelloType reqH = new HelloType();
    reqH.setArgument("header arg");
    reqH.setExtra("header extra");

    Holder resp = new Holder();
    Holder respH = new Holder();
    Holder hdr = new Holder("Hello");
    helloPort.hello1(req, reqH, resp, respH);

    assertFooBar((HelloType) resp.value);
    assertEquals(((HelloType) reqH).getArgument(), ((HelloType) respH.value).getArgument());
    assertEquals(((HelloType) reqH).getExtra(), ((HelloType) respH.value).getExtra());
  ]]></client>
  <client name="async.rpclit8"><![CDATA[
    HelloType req = new HelloType();
    req.setArgument("foo");
    req.setExtra("bar");

    HelloType reqH = new HelloType();
    reqH.setArgument("header arg");
    reqH.setExtra("header extra");


    Response response = helloPort.hello1Async(req, reqH);
    block(response);

    Hello1Response resp = (Hello1Response) response.get();
    assertFooBar(resp.getRes());
    HelloType outH = resp.getHeader();
    assertEquals(reqH.getArgument(), outH.getArgument());
    assertEquals(reqH.getExtra(), outH.getExtra());
  ]]></client>
  <client name="async.rpclit9"><![CDATA[
    HelloType req = new HelloType();
    req.setArgument("foo");
    req.setExtra("bar");

    HelloType reqH = new HelloType();
    reqH.setArgument("header arg");
    reqH.setExtra("header extra");

    block(helloPort.hello1Async(req, reqH, new Hello1CallbackHandler()));
  ]]></client>
  <client name="async.rpclit10"><![CDATA[
    HelloType req = new HelloType();
    req.setArgument("foo");
    req.setExtra("bar");

    assertEquals(helloPort.hello0(54321), 54321);
  ]]></client>
  <client name="async.rpclit11"><![CDATA[
    HelloType req = new HelloType();
    req.setArgument("foo");
    req.setExtra("bar");

    Response response = helloPort.hello0Async(54321);
    block(response);
    assertEquals((int) response.get(), 54321);
  ]]></client>
  <client name="async.rpclit12"><![CDATA[
    HelloType req = new HelloType();
    req.setArgument("foo");
    req.setExtra("bar");

    HelloType reqH = new HelloType();
    reqH.setArgument("header arg");
    reqH.setExtra("header extra");

    Response response = helloPort.hello4Async(req, reqH);
    block(response);
    Hello4Response resp = (Hello4Response) response.get();
    HelloType outH = resp.getHeader();

    assertFooBar(resp.getRes());
    assertEquals(reqH.getArgument(), outH.getArgument());
    assertEquals(reqH.getExtra(), outH.getExtra());
  ]]></client>
</descriptor>
