<?xml version="1.0" encoding="UTF-8"?>
<!--

    DO NOT ALTER OR REMOVE COPYRIGHT NOTICES OR THIS HEADER.

    Copyright (c) 1997-2017 Oracle and/or its affiliates. All rights reserved.

    The contents of this file are subject to the terms of either the GNU
    General Public License Version 2 only ("GPL") or the Common Development
    and Distribution License("CDDL") (collectively, the "License").  You
    may not use this file except in compliance with the License.  You can
    obtain a copy of the License at
    https://oss.oracle.com/licenses/CDDL+GPL-1.1
    or LICENSE.txt.  See the License for the specific
    language governing permissions and limitations under the License.

    When distributing the software, include this License Header Notice in each
    file and include the License file at LICENSE.txt.

    GPL Classpath Exception:
    Oracle designates this particular file as subject to the "Classpath"
    exception as provided by Oracle in the GPL Version 2 section of the License
    file that accompanied this code.

    Modifications:
    If applicable, add the following below the License Header, with the fields
    enclosed by brackets [] replaced by your own identifying information:
    "Portions Copyright [year] [name of copyright owner]"

    Contributor(s):
    If you wish your version of this file to be governed by only the CDDL or
    only the GPL Version 2, indicate your decision by adding "[Contributor]
    elects to include this software in this distribution under the [CDDL or GPL
    Version 2] license."  If you don't indicate a single choice of license, a
    recipient has the option to distribute your version of this file under
    either the CDDL, the GPL Version 2 or to extend the choice of license to
    its licensees as provided above.  However, if you add GPL Version 2 code
    and therefore, elected the GPL Version 2 license, then the option applies
    only if the new code is made subject to such option by the copyright
    holder.

-->

<descriptor since="2.0">
    <description>This is a fromwsdl rpc/lit fault test</description>

    <client name="header.rpclit2">
        <description>
            test echo()
        </description>
        EchoType reqBody = new EchoType();
        reqBody.setReqInfo("foobar");
        EchoType reqHeader = new EchoType();
        reqHeader.setReqInfo("foobar");
        EchoResponseType response = helloPort.echo(reqBody, reqHeader);
        assertEquals("foobarfoobar", response.getRespInfo());
    </client>

    <client name="header.rpclit3">
        <description>
            test NULL parameter to test BP 1.1 R2211 violation
        </description>
        EchoType reqHeader = new EchoType();
        reqHeader.setReqInfo("foobar");
        try{
            EchoResponseType response = helloPort.echo(null, reqHeader);
            assertTrue(false);
        }catch(WebServiceException e){
            assertTrue(true);
        }
    </client>

    <client name="header.rpclit4">
        <description>
            Test Null parameter on the server, BP 1.1 R2211 violation
        </description>
        ObjectFactory of = new ObjectFactory();
        EchoType reqBody = new EchoType();
        reqBody.setReqInfo("sendNull");
        EchoType reqHeader = new EchoType();
        reqHeader.setReqInfo("foobar");
        try{
            EchoResponseType response = helloPort.echo(reqBody, reqHeader);
            assertTrue(false);
        }catch(WebServiceException e){
            assertTrue(true);
        }
    </client>

    <client name="header.rpclit5">
        <description>
            Test echo1().
        </description>
        Holder req = new Holder("Hello");
        helloPort.echo1(req);
        assertEquals("Hello World!", req.value);
    </client>

    <client name="header.rpclit6">
        <description>
            Test echo2()
        </description>

        ObjectFactory of = new ObjectFactory();
        EchoType reqBody = of.createEchoType();
        reqBody.setReqInfo("foobar");
        EchoType req1Header = of.createEchoType();
        req1Header.setReqInfo("foobar");
        Echo2Type req2Header = of.createEcho2Type();
        req2Header.setReqInfo("foobar");
        Echo2ResponseType response = helloPort.echo2(reqBody, req1Header, req2Header);
        assertEquals("foobarfoobarfoobar", response.getRespInfo());
    </client>
    <service basedir="./server">
        <wsdl href="header.wsdl"/>
    </service>
</descriptor>
