<?xml version="1.0" encoding="UTF-8"?>
<!--

    DO NOT ALTER OR REMOVE COPYRIGHT NOTICES OR THIS HEADER.

    Copyright (c) 1997-2017 Oracle and/or its affiliates. All rights reserved.

    The contents of this file are subject to the terms of either the GNU
    General Public License Version 2 only ("GPL") or the Common Development
    and Distribution License("CDDL") (collectively, the "License").  You
    may not use this file except in compliance with the License.  You can
    obtain a copy of the License at
    https://oss.oracle.com/licenses/CDDL+GPL-1.1
    or LICENSE.txt.  See the License for the specific
    language governing permissions and limitations under the License.

    When distributing the software, include this License Header Notice in each
    file and include the License file at LICENSE.txt.

    GPL Classpath Exception:
    Oracle designates this particular file as subject to the "Classpath"
    exception as provided by Oracle in the GPL Version 2 section of the License
    file that accompanied this code.

    Modifications:
    If applicable, add the following below the License Header, with the fields
    enclosed by brackets [] replaced by your own identifying information:
    "Portions Copyright [year] [name of copyright owner]"

    Contributor(s):
    If you wish your version of this file to be governed by only the CDDL or
    only the GPL Version 2, indicate your decision by adding "[Contributor]
    elects to include this software in this distribution under the [CDDL or GPL
    Version 2] license."  If you don't indicate a single choice of license, a
    recipient has the option to distribute your version of this file under
    either the CDDL, the GPL Version 2 or to extend the choice of license to
    its licensees as provided above.  However, if you add GPL Version 2 code
    and therefore, elected the GPL Version 2 license, then the option applies
    only if the new code is made subject to such option by the copyright
    holder.

-->

<descriptor since="2.1.3">
    <description>
        Tests using Handlers from Java.
        Uses @HandlerChain to configure handlers on server-side.
        Uses JAX-WS Customization and Programmatic configuration to configure handlers on client-side.
    </description>
    <client name="fromjava.handlerchain1">
        <description>
            Checks if the handlers get invoked on Client and Service.
        </description>
     <![CDATA[
     /*
     * Each handler adds one to the int during request and response,
     * so we should receive the original number plus 4 if the
     * handlers are working.
     */
        int x = 1;
        int diff = 4; // 2 per handler invoked
        int y = helloPort.hello(x);
        //System.out.println("sent: " + x + ", expect " + (x+diff) + " back. received: " + y);
        assertTrue(y == x+diff); // x+4 with all handlers
        ]]>
    </client>
    
    <client name="fromjava.handlerchain2">
        <description>
            Test configures handlers programmatically after
            clearing handlers out of registry in the service.
        </description>

        <![CDATA[
        HandlerResolver hr = new HandlerResolver() {
            public List getHandlerChain(PortInfo info) {
                return new ArrayList();
            }
        };
        helloService.setHandlerResolver(hr);
        HelloPortType stub = helloService.getHelloPort();
        int x = 1;
        int diff = 2; // 2 per handler invoked
        int y = stub.hello(x);
        System.out.println("sent: " + x + ", expect " + (x+diff) +
            " back. received: " + y);
        assertTrue(y == x+diff);


        hr = new HandlerResolver() {
            public List getHandlerChain(PortInfo info) {
                List handlers = new ArrayList();
                handlers.add(new TestHandler());
                return handlers;
            }
        };

        // now add client handler
        helloService.setHandlerResolver(hr);
        stub = helloService.getHelloPort();
        // test again
        diff = 4;
        y = stub.hello(x);
        System.out.println("sent: " + x + ", expect " + (x+diff) +
            " back. received: " + y);
        assertTrue(y == x+diff);
     ]]>   
    </client>

    <service basedir="./server"/>
</descriptor>
